[35m[1mScanning dependencies of target local_mapper[0m
[ 25%] [32mBuilding CXX object CMakeFiles/local_mapper.dir/src/local_map_builder.cpp.o[0m
In file included from [01m[K/workspace/ros_ws/src/local_map_builder/src/local_map_builder.cpp:1[m[K:
[01m[K/workspace/ros_ws/src/local_map_builder/src/../include/local_map_builder.h:13:1:[m[K [01;31m[Kerror: [m[Knew types may not be defined in a return type
   13 | [01;31m[Kclass[m[K LocalMapBuilder {
      | [01;31m[K^~~~~[m[K
[01m[K/workspace/ros_ws/src/local_map_builder/src/../include/local_map_builder.h:13:1:[m[K [01;36m[Knote: [m[K(perhaps a semicolon is missing after the definition of â€˜[01m[KLocalMapBuilder[m[Kâ€™)
[01m[K/workspace/ros_ws/src/local_map_builder/src/local_map_builder.cpp:3:65:[m[K [01;31m[Kerror: [m[Kreturn type specification for constructor invalid
    3 | LocalMapBuilder::LocalMapBuilder(ros::NodeHandle & _node_handler[01;31m[K)[m[K{
      |                                                                 [01;31m[K^[m[K
[01m[K/workspace/ros_ws/src/local_map_builder/src/local_map_builder.cpp:[m[K In constructor â€˜[01m[KLocalMapBuilder::LocalMapBuilder(ros::NodeHandle&)[m[Kâ€™:
[01m[K/workspace/ros_ws/src/local_map_builder/src/local_map_builder.cpp:5:100:[m[K [01;31m[Kerror: [m[Kâ€˜[01m[Kset_forward_callback[m[Kâ€™ is not a member of â€˜[01m[KLocalMapBuilder[m[Kâ€™
    5 |     ros::Subscriber map_listener = _node_handler.subscribe("/vl53l1x/range", 10, &LocalMapBuilder::[01;31m[Kset_forward_callback[m[K, this);
      |                                                                                                    [01;31m[K^~~~~~~~~~~~~~~~~~~~[m[K
[01m[K/workspace/ros_ws/src/local_map_builder/src/local_map_builder.cpp:[m[K At global scope:
[01m[K/workspace/ros_ws/src/local_map_builder/src/local_map_builder.cpp:11:6:[m[K [01;31m[Kerror: [m[Kno declaration matches â€˜[01m[Kvoid LocalMapBuilder::set_forward_callback(const ConstPtr&)[m[Kâ€™
   11 | void [01;31m[KLocalMapBuilder[m[K::set_forward_callback(const sensor_msgs::Range::ConstPtr & msg){
      |      [01;31m[K^~~~~~~~~~~~~~~[m[K
[01m[K/workspace/ros_ws/src/local_map_builder/src/local_map_builder.cpp:11:6:[m[K [01;36m[Knote: [m[Kno functions named â€˜[01m[Kvoid LocalMapBuilder::set_forward_callback(const ConstPtr&)[m[Kâ€™
In file included from [01m[K/workspace/ros_ws/src/local_map_builder/src/local_map_builder.cpp:1[m[K:
[01m[K/workspace/ros_ws/src/local_map_builder/src/../include/local_map_builder.h:13:7:[m[K [01;36m[Knote: [m[Kâ€˜[01m[Kclass LocalMapBuilder[m[Kâ€™ defined here
   13 | class [01;36m[KLocalMapBuilder[m[K {
      |       [01;36m[K^~~~~~~~~~~~~~~[m[K
make[2]: *** [CMakeFiles/local_mapper.dir/build.make:63: CMakeFiles/local_mapper.dir/src/local_map_builder.cpp.o] Error 1
make[1]: *** [CMakeFiles/Makefile2:1272: CMakeFiles/local_mapper.dir/all] Error 2
make: *** [Makefile:141: all] Error 2
